
Answerモデルのテスト
  バリデーションのテスト
    bodyカラム
[32m      空欄でないこと[0m

Blogモデルのテスト
  バリデーションのテスト
    titleカラム
[32m      空欄でないこと[0m
[32m      255文字以内であること 256文字はNG[0m
[32m      255文字以内であること 255文字はOK[0m
    bodyカラム
[32m      空欄でないこと[0m
    top_imageカラム
[32m      空欄でないこと[0m
    video_urlカラム
[32m      255文字以内であること 256文字はNG[0m
[32m      255文字以内であること 255文字はOK[0m
    twitter_urlカラム
[32m      255文字以内であること 256文字はNG[0m
[32m      255文字以内であること 255文字はOK[0m

Questionモデルのテスト
  バリデーションのテスト
    titleカラム
[32m      空欄でないこと[0m
[32m      255文字以内であること 256文字はNG[0m
[32m      255文字以内であること 255文字はOK[0m
    bodyカラム
[32m      空欄でないこと[0m

Userモデルのテスト
  バリデーションのテスト
    nameカラム
[32m      空欄でないこと[0m
[32m      2文字以上であること　1文字はNG[0m
[32m      2文字以上であること　2文字はOK[0m
[32m      20文字以下であること　20文字はOK[0m
[32m      20文字以下であること　21文字はNG[0m
    emailカラム
[32m      空欄でないこと[0m
    introductionカラム
[32m      255文字以内であること 256文字はNG[0m
[32m      255文字以内であること 255文字はOK[0m

adminのblog機能の動作確認
  投稿機能の動作確認
    トップページのボタンから投稿画面に行けるか
[32m      トップページに必要なリンクがあるか[0m
[32m      ボタンからの遷移先が正しいか[0m
    投稿画面の表示内容の確認
[32m      titleフォームが表示される[0m
[32m      top_imageフォームが表示される[0m
[32m      bodyフォームが表示される[0m
[32m      video_urlフォームが表示される[0m
[32m      twitter_urlフォームが表示される[0m
[32m      body_imageフォームが表示される[0m
[32m      tag_listフォームが表示される[0m
[32m      新規登録ボタンが表示される[0m
    投稿機能の動作確認
[32m      投稿後のリダイレクト先がブログ詳細ページになっている[0m
[32m      投稿したtitleが表示されているか[0m
[32m      投稿したtagが表示されているか[0m
[32m      投稿したtop_imageが表示されているか[0m
[32m      投稿したbodyが表示されているか[0m
[32m      投稿したbody_imageが表示されているか[0m
[31m      投稿したvideoが表示されているか (FAILED - 1)[0m
[32m      投稿したtwitterが表示されているか[0m
  編集機能の動作確認
    一覧画面から編集画面に行けるか
[32m      一覧画面に投稿したブログがあるか[0m
[32m      編集ボタンからの遷移先が正しいか[0m
    編集画面の表示内容の確認
[32m      titleフォームが表示される[0m
[32m      top_imageフォームが表示される[0m
[32m      bodyフォームが表示される[0m
[32m      video_urlフォームが表示される[0m
[32m      twitter_urlフォームが表示される[0m
[32m      body_imageフォームが表示される[0m
[32m      tag_listフォームが表示される[0m
[32m      保存ボタンが表示される[0m
    情報の反映確認
[32m      編集した情報が登録されているか[0m

loginとsigninの動作確認
  user新規登録の動作確認
    表示内容の確認
[32m      URLが正しい[0m
[32m      emailフォームが表示される[0m
[32m      user_nameフォームが表示される[0m
[32m      passwordフォームが表示される[0m
[32m      password確認フォームが表示される[0m
[32m      新規登録ボタンが表示される[0m
    sign_up成功の確認
[32m      sign_up後のリダイレクト先が、user詳細ページになっている[0m
  userログインページの動作確認
    表示内容の確認
[32m      URLが正しい[0m
[32m      emailフォームが表示される[0m
[32m      passwordフォームが表示される[0m
[32m      ログインボタンが表示される[0m
    ログインの動作確認(login_userメソッド)
[32m      sign_in後のリダイレクト先が、ユーザー詳細ページになっている[0m
  adminログインページの動作確認
    表示内容の確認
[32m      URLが正しい[0m
[32m      emailフォームが表示される[0m
[32m      passwordフォームが表示される[0m
[32m      ログインボタンが表示される[0m
    ログインの動作確認(login_adminメソッド)
[32m      sign_in後のリダイレクト先が、adminのトップページになっている[0m

Q&A機能の動作確認
  質問投稿機能の確認
    投稿画面表示の確認
[32m      Q&Aトップページから投稿画面へ行けるか[0m
[32m      投稿画面に必要な機能が揃っているか[0m
    投稿機能の確認
[32m      投稿後のリダイレクト先が質問詳細ページになっているか[0m
[32m      投稿画面に投稿したデータが表示されているか[0m
[32m      表示してはいけないデータが表示されていないか[0m
  回答投稿機能の確認
    投稿画面表示の確認
[32m      質問詳細ページから投稿画面へ行けるか[0m
[32m      投稿画面に必要な機能が揃っているか[0m
    投稿機能の確認
[32m      投稿後のリダイレクト先が質問詳細ページになっているか[0m
[32m      投稿画面に投稿したデータが表示されているか[0m
[32m      表示してはいけないデータが表示されていないか[0m
  ベストアンサー投稿機能の確認
    投稿画面表示の確認
[32m      質問詳細ページから投稿画面へ行けるか[0m
[32m      投稿画面に必要な機能が揃っているか[0m
    投稿機能の確認
[32m      投稿後のリダイレクト先が質問詳細ページになっているか[0m
[32m      投稿画面に投稿したデータが表示されているか[0m
[32m      表示してはいけないデータが表示されていないか[0m

system_supportの動作確認
  userログインの動作確認(login_userメソッド)
[32m    sign_in後のリダイレクト先が、ユーザー詳細ページになっている[0m
  adminログインの動作確認(login_adminメソッド)
[32m    sign_in後のリダイレクト先が、adminのトップページになっている[0m
  blog投稿の動作確認(upload_blogメソッド)
[32m    投稿後のリダイレクト先が、blog詳細ページになっている[0m
  question投稿の動作確認(upload_questionメソッド)
[32m    投稿後の情報が正しいか[0m
  answer投稿の動作確認(upload_answerメソッド)
[32m    投稿後の情報が正しいか[0m

Failures:

  1) adminのblog機能の動作確認 投稿機能の動作確認 投稿機能の動作確認 投稿したvideoが表示されているか
     [31mFailure/Error: [0m[32mexpect[0m(page).to have_link [35mhref[0m: [31m[1;31m'[0m[31mhttps://www.youtube.com/watch?v=WJzSBLCaKc8[1;31m'[0m[31m[0m[0m
     [31m  expected to find link nil with href "https://www.youtube.com/watch?v=WJzSBLCaKc8" but there were no matches[0m
     [36m# ./spec/system/admin_blog_spec.rb:81:in `block (4 levels) in <main>'[0m

Finished in 14.61 seconds (files took 3.72 seconds to load)
[31m88 examples, 1 failure[0m

Failed examples:

[31mrspec ./spec/system/admin_blog_spec.rb:80[0m [36m# adminのblog機能の動作確認 投稿機能の動作確認 投稿機能の動作確認 投稿したvideoが表示されているか[0m

